<?xml version="1.0" encoding="UTF-8"?>
<!-- Generated by org.testng.reporters.JUnitReportReporter -->
<testsuite hostname="DESKTOP-I46VA14" failures="0" tests="1" name="pagetest.CheckoutTest" time="7.475" errors="0" timestamp="2024-06-24T09:31:30 CEST" skipped="0">
  <testcase classname="pagetest.CheckoutTest" name="checkoutTest" time="7.475"/>
</testsuite> <!-- pagetest.CheckoutTest -->
