<?xml version="1.0" encoding="UTF-8"?>
<!-- Generated by org.testng.reporters.JUnitReportReporter -->
<testsuite hostname="DESKTOP-I46VA14" failures="0" tests="1" name="pagetest.LoginTest" time="1.999" errors="0" timestamp="2024-06-24T09:31:30 CEST" skipped="0">
  <testcase classname="pagetest.LoginTest" name="loginPageTest" time="1.999"/>
</testsuite> <!-- pagetest.LoginTest -->
